{"contracts\\Saper.sol":{"l":{"18":1,"22":4,"23":3,"24":3,"25":3,"26":36,"27":36,"28":36,"29":36,"30":0,"32":36,"34":36,"35":0,"36":0,"38":0,"39":0,"41":0,"42":0,"44":0,"47":36,"48":0,"49":0,"51":0,"52":0,"54":0,"55":0,"57":0,"60":36,"61":0,"62":0,"64":0,"65":0,"67":0,"68":0,"70":0,"73":36,"74":0,"75":0,"77":0,"78":0,"80":0,"81":0,"83":0,"86":36,"87":3,"88":3,"90":3,"91":3,"93":3,"94":3,"96":3,"97":3,"99":3,"100":3,"102":3,"105":33,"106":0,"107":0,"109":0,"110":0,"112":0,"113":0,"115":0,"116":0,"118":0,"119":0,"121":0,"124":33,"125":0,"126":0,"128":0,"129":0,"131":0,"132":0,"134":0,"135":0,"137":0,"138":0,"140":0,"143":33,"144":0,"145":0,"147":0,"148":0,"150":0,"151":0,"153":0,"154":0,"156":0,"157":0,"159":0,"162":33,"163":27,"165":33,"166":33,"168":33,"169":30,"171":33,"172":30,"174":33,"175":30,"177":33,"178":27,"180":33,"181":27,"183":33,"184":33,"187":3,"188":3,"193":1,"194":1,"195":0,"196":0,"198":1,"199":1,"200":1,"204":1,"208":1,"212":1,"217":1,"219":1,"225":113,"229":113,"230":113,"231":13,"232":1300,"234":13,"236":100,"237":100,"238":100,"239":100,"240":100,"241":1200,"242":1200,"243":1200,"244":1200,"246":100,"247":100,"248":100,"249":100,"250":467,"251":467,"252":467,"253":2768,"254":2768,"255":2768,"256":1486,"258":1282,"259":1282,"260":667,"261":667,"262":667,"263":667,"264":667,"265":667,"267":615,"270":467,"271":467,"273":100,"278":4,"282":1,"283":1,"284":1,"285":1,"286":10,"287":100,"288":12,"289":1,"290":1,"292":11,"293":11,"298":1,"302":36,"303":36,"304":36},"path":"G:\\ВУЗ\\4 КУРС\\Современные технологии программирования\\Проект\\Sapper\\contracts\\Saper.sol","s":{"1":4,"2":3,"3":3,"4":36,"5":36,"6":36,"7":36,"8":36,"9":0,"10":0,"11":0,"12":36,"13":0,"14":0,"15":0,"16":36,"17":0,"18":0,"19":0,"20":36,"21":0,"22":0,"23":0,"24":36,"25":3,"26":3,"27":3,"28":3,"29":3,"30":33,"31":0,"32":0,"33":0,"34":0,"35":0,"36":33,"37":0,"38":0,"39":0,"40":0,"41":0,"42":33,"43":0,"44":0,"45":0,"46":0,"47":0,"48":33,"49":33,"50":33,"51":33,"52":33,"53":33,"54":33,"55":33,"56":3,"57":1,"58":1,"59":0,"60":1,"61":1,"62":1,"63":1,"64":1,"65":1,"66":113,"67":113,"68":113,"69":13,"70":13,"71":100,"72":100,"73":100,"74":100,"75":100,"76":100,"77":100,"78":100,"79":467,"80":467,"81":467,"82":2768,"83":1282,"84":100,"85":4,"86":1,"87":1,"88":1,"89":1,"90":10,"91":100,"92":12,"93":1,"94":36,"95":36},"b":{"1":[3,1],"2":[0,36],"3":[0,36],"4":[0,0],"5":[0,0],"6":[0,0],"7":[0,36],"8":[0,0],"9":[0,0],"10":[0,0],"11":[0,36],"12":[0,0],"13":[0,0],"14":[0,0],"15":[0,36],"16":[0,0],"17":[0,0],"18":[0,0],"19":[3,33],"20":[3,0],"21":[3,0],"22":[3,0],"23":[3,0],"24":[3,0],"25":[0,33],"26":[0,0],"27":[0,0],"28":[0,0],"29":[0,0],"30":[0,0],"31":[0,33],"32":[0,0],"33":[0,0],"34":[0,0],"35":[0,0],"36":[0,0],"37":[0,33],"38":[0,0],"39":[0,0],"40":[0,0],"41":[0,0],"42":[0,0],"43":[27,6],"44":[33,0],"45":[30,3],"46":[30,3],"47":[30,3],"48":[27,6],"49":[27,6],"50":[33,0],"51":[1,0],"52":[0,1],"53":[1,0],"54":[1,0],"55":[1,0],"56":[113,0],"57":[13,100],"58":[1486,1282],"59":[667,615],"60":[12,88],"61":[1,11]},"f":{"1":1,"2":4,"3":1,"4":1,"5":113,"6":4,"7":1,"8":36},"fnMap":{"1":{"name":"constructor","line":17,"loc":{"start":{"line":17,"column":4},"end":{"line":19,"column":4}}},"2":{"name":"startGame","line":21,"loc":{"start":{"line":21,"column":4},"end":{"line":189,"column":4}}},"3":{"name":"endGame","line":192,"loc":{"start":{"line":192,"column":4},"end":{"line":201,"column":4}}},"4":{"name":"bombActivate","line":203,"loc":{"start":{"line":203,"column":4},"end":{"line":220,"column":4}}},"5":{"name":"checkField","line":224,"loc":{"start":{"line":224,"column":4},"end":{"line":274,"column":4}}},"6":{"name":"getStatusGame","line":277,"loc":{"start":{"line":277,"column":4},"end":{"line":279,"column":4}}},"7":{"name":"getEndStr","line":281,"loc":{"start":{"line":281,"column":4},"end":{"line":299,"column":4}}},"8":{"name":"getRandom","line":301,"loc":{"start":{"line":301,"column":4},"end":{"line":305,"column":4}}}},"statementMap":{"1":{"start":{"line":22,"column":8},"end":{"line":22,"column":119}},"2":{"start":{"line":24,"column":8},"end":{"line":24,"column":32}},"3":{"start":{"line":25,"column":8},"end":{"line":25,"column":829}},"4":{"start":{"line":26,"column":12},"end":{"line":26,"column":35}},"5":{"start":{"line":27,"column":12},"end":{"line":27,"column":30}},"6":{"start":{"line":28,"column":12},"end":{"line":28,"column":30}},"7":{"start":{"line":29,"column":12},"end":{"line":29,"column":985}},"8":{"start":{"line":34,"column":12},"end":{"line":34,"column":1112}},"9":{"start":{"line":35,"column":16},"end":{"line":35,"column":1157}},"10":{"start":{"line":38,"column":16},"end":{"line":38,"column":1255}},"11":{"start":{"line":41,"column":16},"end":{"line":41,"column":1353}},"12":{"start":{"line":47,"column":12},"end":{"line":47,"column":1507}},"13":{"start":{"line":48,"column":16},"end":{"line":48,"column":1552}},"14":{"start":{"line":51,"column":16},"end":{"line":51,"column":1650}},"15":{"start":{"line":54,"column":16},"end":{"line":54,"column":1748}},"16":{"start":{"line":60,"column":12},"end":{"line":60,"column":1902}},"17":{"start":{"line":61,"column":16},"end":{"line":61,"column":1947}},"18":{"start":{"line":64,"column":16},"end":{"line":64,"column":2045}},"19":{"start":{"line":67,"column":16},"end":{"line":67,"column":2143}},"20":{"start":{"line":73,"column":12},"end":{"line":73,"column":2298}},"21":{"start":{"line":74,"column":16},"end":{"line":74,"column":2343}},"22":{"start":{"line":77,"column":16},"end":{"line":77,"column":2441}},"23":{"start":{"line":80,"column":16},"end":{"line":80,"column":2539}},"24":{"start":{"line":86,"column":12},"end":{"line":86,"column":2692}},"25":{"start":{"line":87,"column":16},"end":{"line":87,"column":2727}},"26":{"start":{"line":90,"column":16},"end":{"line":90,"column":2825}},"27":{"start":{"line":93,"column":16},"end":{"line":93,"column":2923}},"28":{"start":{"line":96,"column":16},"end":{"line":96,"column":3021}},"29":{"start":{"line":99,"column":16},"end":{"line":99,"column":3123}},"30":{"start":{"line":105,"column":12},"end":{"line":105,"column":3276}},"31":{"start":{"line":106,"column":16},"end":{"line":106,"column":3311}},"32":{"start":{"line":109,"column":16},"end":{"line":109,"column":3409}},"33":{"start":{"line":112,"column":16},"end":{"line":112,"column":3507}},"34":{"start":{"line":115,"column":16},"end":{"line":115,"column":3605}},"35":{"start":{"line":118,"column":16},"end":{"line":118,"column":3707}},"36":{"start":{"line":124,"column":12},"end":{"line":124,"column":3861}},"37":{"start":{"line":125,"column":16},"end":{"line":125,"column":3896}},"38":{"start":{"line":128,"column":16},"end":{"line":128,"column":3994}},"39":{"start":{"line":131,"column":16},"end":{"line":131,"column":4092}},"40":{"start":{"line":134,"column":16},"end":{"line":134,"column":4190}},"41":{"start":{"line":137,"column":16},"end":{"line":137,"column":4292}},"42":{"start":{"line":143,"column":12},"end":{"line":143,"column":4445}},"43":{"start":{"line":144,"column":16},"end":{"line":144,"column":4480}},"44":{"start":{"line":147,"column":16},"end":{"line":147,"column":4578}},"45":{"start":{"line":150,"column":16},"end":{"line":150,"column":4676}},"46":{"start":{"line":153,"column":16},"end":{"line":153,"column":4774}},"47":{"start":{"line":156,"column":16},"end":{"line":156,"column":4876}},"48":{"start":{"line":162,"column":12},"end":{"line":162,"column":5014}},"49":{"start":{"line":165,"column":12},"end":{"line":165,"column":5100}},"50":{"start":{"line":168,"column":12},"end":{"line":168,"column":5190}},"51":{"start":{"line":171,"column":12},"end":{"line":171,"column":5280}},"52":{"start":{"line":174,"column":12},"end":{"line":174,"column":5366}},"53":{"start":{"line":177,"column":12},"end":{"line":177,"column":5456}},"54":{"start":{"line":180,"column":12},"end":{"line":180,"column":5546}},"55":{"start":{"line":183,"column":12},"end":{"line":183,"column":5632}},"56":{"start":{"line":188,"column":8},"end":{"line":188,"column":18}},"57":{"start":{"line":193,"column":8},"end":{"line":193,"column":178}},"58":{"start":{"line":194,"column":8},"end":{"line":194,"column":6187}},"59":{"start":{"line":196,"column":12},"end":{"line":196,"column":22}},"60":{"start":{"line":198,"column":8},"end":{"line":198,"column":44}},"61":{"start":{"line":200,"column":8},"end":{"line":200,"column":18}},"62":{"start":{"line":204,"column":8},"end":{"line":204,"column":6551}},"63":{"start":{"line":208,"column":8},"end":{"line":208,"column":6701}},"64":{"start":{"line":212,"column":8},"end":{"line":212,"column":6934}},"65":{"start":{"line":219,"column":8},"end":{"line":219,"column":18}},"66":{"start":{"line":225,"column":8},"end":{"line":225,"column":7508}},"67":{"start":{"line":229,"column":8},"end":{"line":229,"column":32}},"68":{"start":{"line":230,"column":8},"end":{"line":230,"column":7693}},"69":{"start":{"line":231,"column":12},"end":{"line":231,"column":7755}},"70":{"start":{"line":234,"column":12},"end":{"line":234,"column":25}},"71":{"start":{"line":236,"column":8},"end":{"line":236,"column":28}},"72":{"start":{"line":237,"column":8},"end":{"line":237,"column":23}},"73":{"start":{"line":238,"column":8},"end":{"line":238,"column":63}},"74":{"start":{"line":239,"column":8},"end":{"line":239,"column":35}},"75":{"start":{"line":240,"column":8},"end":{"line":240,"column":8043}},"76":{"start":{"line":247,"column":8},"end":{"line":247,"column":19}},"77":{"start":{"line":248,"column":8},"end":{"line":248,"column":19}},"78":{"start":{"line":249,"column":8},"end":{"line":249,"column":8310}},"79":{"start":{"line":250,"column":12},"end":{"line":250,"column":35}},"80":{"start":{"line":251,"column":12},"end":{"line":251,"column":30}},"81":{"start":{"line":252,"column":12},"end":{"line":252,"column":8418}},"82":{"start":{"line":255,"column":16},"end":{"line":255,"column":8543}},"83":{"start":{"line":259,"column":16},"end":{"line":259,"column":8674}},"84":{"start":{"line":273,"column":8},"end":{"line":273,"column":21}},"85":{"start":{"line":278,"column":8},"end":{"line":278,"column":38}},"86":{"start":{"line":282,"column":8},"end":{"line":282,"column":27}},"87":{"start":{"line":283,"column":8},"end":{"line":283,"column":63}},"88":{"start":{"line":284,"column":8},"end":{"line":284,"column":25}},"89":{"start":{"line":285,"column":8},"end":{"line":285,"column":9616}},"90":{"start":{"line":286,"column":12},"end":{"line":286,"column":9666}},"91":{"start":{"line":287,"column":16},"end":{"line":287,"column":9720}},"92":{"start":{"line":288,"column":20},"end":{"line":288,"column":9775}},"93":{"start":{"line":298,"column":8},"end":{"line":298,"column":29}},"94":{"start":{"line":302,"column":8},"end":{"line":302,"column":103}},"95":{"start":{"line":304,"column":8},"end":{"line":304,"column":27}}},"branchMap":{"1":{"line":22,"type":"if","locations":[{"start":{"line":22,"column":8},"end":{"line":22,"column":8}},{"start":{"line":22,"column":8},"end":{"line":22,"column":8}}]},"2":{"line":29,"type":"if","locations":[{"start":{"line":29,"column":12},"end":{"line":29,"column":12}},{"start":{"line":29,"column":12},"end":{"line":29,"column":12}}]},"3":{"line":34,"type":"if","locations":[{"start":{"line":34,"column":12},"end":{"line":34,"column":12}},{"start":{"line":34,"column":12},"end":{"line":34,"column":12}}]},"4":{"line":35,"type":"if","locations":[{"start":{"line":35,"column":16},"end":{"line":35,"column":16}},{"start":{"line":35,"column":16},"end":{"line":35,"column":16}}]},"5":{"line":38,"type":"if","locations":[{"start":{"line":38,"column":16},"end":{"line":38,"column":16}},{"start":{"line":38,"column":16},"end":{"line":38,"column":16}}]},"6":{"line":41,"type":"if","locations":[{"start":{"line":41,"column":16},"end":{"line":41,"column":16}},{"start":{"line":41,"column":16},"end":{"line":41,"column":16}}]},"7":{"line":47,"type":"if","locations":[{"start":{"line":47,"column":12},"end":{"line":47,"column":12}},{"start":{"line":47,"column":12},"end":{"line":47,"column":12}}]},"8":{"line":48,"type":"if","locations":[{"start":{"line":48,"column":16},"end":{"line":48,"column":16}},{"start":{"line":48,"column":16},"end":{"line":48,"column":16}}]},"9":{"line":51,"type":"if","locations":[{"start":{"line":51,"column":16},"end":{"line":51,"column":16}},{"start":{"line":51,"column":16},"end":{"line":51,"column":16}}]},"10":{"line":54,"type":"if","locations":[{"start":{"line":54,"column":16},"end":{"line":54,"column":16}},{"start":{"line":54,"column":16},"end":{"line":54,"column":16}}]},"11":{"line":60,"type":"if","locations":[{"start":{"line":60,"column":12},"end":{"line":60,"column":12}},{"start":{"line":60,"column":12},"end":{"line":60,"column":12}}]},"12":{"line":61,"type":"if","locations":[{"start":{"line":61,"column":16},"end":{"line":61,"column":16}},{"start":{"line":61,"column":16},"end":{"line":61,"column":16}}]},"13":{"line":64,"type":"if","locations":[{"start":{"line":64,"column":16},"end":{"line":64,"column":16}},{"start":{"line":64,"column":16},"end":{"line":64,"column":16}}]},"14":{"line":67,"type":"if","locations":[{"start":{"line":67,"column":16},"end":{"line":67,"column":16}},{"start":{"line":67,"column":16},"end":{"line":67,"column":16}}]},"15":{"line":73,"type":"if","locations":[{"start":{"line":73,"column":12},"end":{"line":73,"column":12}},{"start":{"line":73,"column":12},"end":{"line":73,"column":12}}]},"16":{"line":74,"type":"if","locations":[{"start":{"line":74,"column":16},"end":{"line":74,"column":16}},{"start":{"line":74,"column":16},"end":{"line":74,"column":16}}]},"17":{"line":77,"type":"if","locations":[{"start":{"line":77,"column":16},"end":{"line":77,"column":16}},{"start":{"line":77,"column":16},"end":{"line":77,"column":16}}]},"18":{"line":80,"type":"if","locations":[{"start":{"line":80,"column":16},"end":{"line":80,"column":16}},{"start":{"line":80,"column":16},"end":{"line":80,"column":16}}]},"19":{"line":86,"type":"if","locations":[{"start":{"line":86,"column":12},"end":{"line":86,"column":12}},{"start":{"line":86,"column":12},"end":{"line":86,"column":12}}]},"20":{"line":87,"type":"if","locations":[{"start":{"line":87,"column":16},"end":{"line":87,"column":16}},{"start":{"line":87,"column":16},"end":{"line":87,"column":16}}]},"21":{"line":90,"type":"if","locations":[{"start":{"line":90,"column":16},"end":{"line":90,"column":16}},{"start":{"line":90,"column":16},"end":{"line":90,"column":16}}]},"22":{"line":93,"type":"if","locations":[{"start":{"line":93,"column":16},"end":{"line":93,"column":16}},{"start":{"line":93,"column":16},"end":{"line":93,"column":16}}]},"23":{"line":96,"type":"if","locations":[{"start":{"line":96,"column":16},"end":{"line":96,"column":16}},{"start":{"line":96,"column":16},"end":{"line":96,"column":16}}]},"24":{"line":99,"type":"if","locations":[{"start":{"line":99,"column":16},"end":{"line":99,"column":16}},{"start":{"line":99,"column":16},"end":{"line":99,"column":16}}]},"25":{"line":105,"type":"if","locations":[{"start":{"line":105,"column":12},"end":{"line":105,"column":12}},{"start":{"line":105,"column":12},"end":{"line":105,"column":12}}]},"26":{"line":106,"type":"if","locations":[{"start":{"line":106,"column":16},"end":{"line":106,"column":16}},{"start":{"line":106,"column":16},"end":{"line":106,"column":16}}]},"27":{"line":109,"type":"if","locations":[{"start":{"line":109,"column":16},"end":{"line":109,"column":16}},{"start":{"line":109,"column":16},"end":{"line":109,"column":16}}]},"28":{"line":112,"type":"if","locations":[{"start":{"line":112,"column":16},"end":{"line":112,"column":16}},{"start":{"line":112,"column":16},"end":{"line":112,"column":16}}]},"29":{"line":115,"type":"if","locations":[{"start":{"line":115,"column":16},"end":{"line":115,"column":16}},{"start":{"line":115,"column":16},"end":{"line":115,"column":16}}]},"30":{"line":118,"type":"if","locations":[{"start":{"line":118,"column":16},"end":{"line":118,"column":16}},{"start":{"line":118,"column":16},"end":{"line":118,"column":16}}]},"31":{"line":124,"type":"if","locations":[{"start":{"line":124,"column":12},"end":{"line":124,"column":12}},{"start":{"line":124,"column":12},"end":{"line":124,"column":12}}]},"32":{"line":125,"type":"if","locations":[{"start":{"line":125,"column":16},"end":{"line":125,"column":16}},{"start":{"line":125,"column":16},"end":{"line":125,"column":16}}]},"33":{"line":128,"type":"if","locations":[{"start":{"line":128,"column":16},"end":{"line":128,"column":16}},{"start":{"line":128,"column":16},"end":{"line":128,"column":16}}]},"34":{"line":131,"type":"if","locations":[{"start":{"line":131,"column":16},"end":{"line":131,"column":16}},{"start":{"line":131,"column":16},"end":{"line":131,"column":16}}]},"35":{"line":134,"type":"if","locations":[{"start":{"line":134,"column":16},"end":{"line":134,"column":16}},{"start":{"line":134,"column":16},"end":{"line":134,"column":16}}]},"36":{"line":137,"type":"if","locations":[{"start":{"line":137,"column":16},"end":{"line":137,"column":16}},{"start":{"line":137,"column":16},"end":{"line":137,"column":16}}]},"37":{"line":143,"type":"if","locations":[{"start":{"line":143,"column":12},"end":{"line":143,"column":12}},{"start":{"line":143,"column":12},"end":{"line":143,"column":12}}]},"38":{"line":144,"type":"if","locations":[{"start":{"line":144,"column":16},"end":{"line":144,"column":16}},{"start":{"line":144,"column":16},"end":{"line":144,"column":16}}]},"39":{"line":147,"type":"if","locations":[{"start":{"line":147,"column":16},"end":{"line":147,"column":16}},{"start":{"line":147,"column":16},"end":{"line":147,"column":16}}]},"40":{"line":150,"type":"if","locations":[{"start":{"line":150,"column":16},"end":{"line":150,"column":16}},{"start":{"line":150,"column":16},"end":{"line":150,"column":16}}]},"41":{"line":153,"type":"if","locations":[{"start":{"line":153,"column":16},"end":{"line":153,"column":16}},{"start":{"line":153,"column":16},"end":{"line":153,"column":16}}]},"42":{"line":156,"type":"if","locations":[{"start":{"line":156,"column":16},"end":{"line":156,"column":16}},{"start":{"line":156,"column":16},"end":{"line":156,"column":16}}]},"43":{"line":162,"type":"if","locations":[{"start":{"line":162,"column":12},"end":{"line":162,"column":12}},{"start":{"line":162,"column":12},"end":{"line":162,"column":12}}]},"44":{"line":165,"type":"if","locations":[{"start":{"line":165,"column":12},"end":{"line":165,"column":12}},{"start":{"line":165,"column":12},"end":{"line":165,"column":12}}]},"45":{"line":168,"type":"if","locations":[{"start":{"line":168,"column":12},"end":{"line":168,"column":12}},{"start":{"line":168,"column":12},"end":{"line":168,"column":12}}]},"46":{"line":171,"type":"if","locations":[{"start":{"line":171,"column":12},"end":{"line":171,"column":12}},{"start":{"line":171,"column":12},"end":{"line":171,"column":12}}]},"47":{"line":174,"type":"if","locations":[{"start":{"line":174,"column":12},"end":{"line":174,"column":12}},{"start":{"line":174,"column":12},"end":{"line":174,"column":12}}]},"48":{"line":177,"type":"if","locations":[{"start":{"line":177,"column":12},"end":{"line":177,"column":12}},{"start":{"line":177,"column":12},"end":{"line":177,"column":12}}]},"49":{"line":180,"type":"if","locations":[{"start":{"line":180,"column":12},"end":{"line":180,"column":12}},{"start":{"line":180,"column":12},"end":{"line":180,"column":12}}]},"50":{"line":183,"type":"if","locations":[{"start":{"line":183,"column":12},"end":{"line":183,"column":12}},{"start":{"line":183,"column":12},"end":{"line":183,"column":12}}]},"51":{"line":193,"type":"if","locations":[{"start":{"line":193,"column":8},"end":{"line":193,"column":8}},{"start":{"line":193,"column":8},"end":{"line":193,"column":8}}]},"52":{"line":194,"type":"if","locations":[{"start":{"line":194,"column":8},"end":{"line":194,"column":8}},{"start":{"line":194,"column":8},"end":{"line":194,"column":8}}]},"53":{"line":204,"type":"if","locations":[{"start":{"line":204,"column":8},"end":{"line":204,"column":8}},{"start":{"line":204,"column":8},"end":{"line":204,"column":8}}]},"54":{"line":208,"type":"if","locations":[{"start":{"line":208,"column":8},"end":{"line":208,"column":8}},{"start":{"line":208,"column":8},"end":{"line":208,"column":8}}]},"55":{"line":212,"type":"if","locations":[{"start":{"line":212,"column":8},"end":{"line":212,"column":8}},{"start":{"line":212,"column":8},"end":{"line":212,"column":8}}]},"56":{"line":225,"type":"if","locations":[{"start":{"line":225,"column":8},"end":{"line":225,"column":8}},{"start":{"line":225,"column":8},"end":{"line":225,"column":8}}]},"57":{"line":230,"type":"if","locations":[{"start":{"line":230,"column":8},"end":{"line":230,"column":8}},{"start":{"line":230,"column":8},"end":{"line":230,"column":8}}]},"58":{"line":255,"type":"if","locations":[{"start":{"line":255,"column":16},"end":{"line":255,"column":16}},{"start":{"line":255,"column":16},"end":{"line":255,"column":16}}]},"59":{"line":259,"type":"if","locations":[{"start":{"line":259,"column":16},"end":{"line":259,"column":16}},{"start":{"line":259,"column":16},"end":{"line":259,"column":16}}]},"60":{"line":287,"type":"if","locations":[{"start":{"line":287,"column":16},"end":{"line":287,"column":16}},{"start":{"line":287,"column":16},"end":{"line":287,"column":16}}]},"61":{"line":288,"type":"if","locations":[{"start":{"line":288,"column":20},"end":{"line":288,"column":20}},{"start":{"line":288,"column":20},"end":{"line":288,"column":20}}]}}},"contracts\\SaperCertificate.sol":{"l":{"17":1,"21":1,"22":1,"23":1,"28":1},"path":"G:\\ВУЗ\\4 КУРС\\Современные технологии программирования\\Проект\\Sapper\\contracts\\SaperCertificate.sol","s":{"1":1,"2":1,"3":1},"b":{"1":[1,0],"2":[1,0]},"f":{"1":1,"2":1,"3":1},"fnMap":{"1":{"name":"constructor","line":15,"loc":{"start":{"line":13,"column":4},"end":{"line":18,"column":4}}},"2":{"name":"safeMint","line":20,"loc":{"start":{"line":20,"column":4},"end":{"line":25,"column":4}}},"3":{"name":"setSaper","line":27,"loc":{"start":{"line":27,"column":4},"end":{"line":29,"column":4}}}},"statementMap":{"1":{"start":{"line":21,"column":8},"end":{"line":21,"column":111}},"2":{"start":{"line":22,"column":8},"end":{"line":22,"column":40}},"3":{"start":{"line":23,"column":8},"end":{"line":23,"column":29}}},"branchMap":{"1":{"line":21,"type":"if","locations":[{"start":{"line":21,"column":8},"end":{"line":21,"column":8}},{"start":{"line":21,"column":8},"end":{"line":21,"column":8}}]},"2":{"line":27,"type":"if","locations":[{"start":{"line":27,"column":44},"end":{"line":27,"column":44}},{"start":{"line":27,"column":44},"end":{"line":27,"column":44}}]}}}}