TN:
SF:G:\ВУЗ\4 КУРС\Современные технологии программирования\Проект\Sapper\contracts\Saper.sol
FN:17,constructor
FN:21,startGame
FN:192,endGame
FN:203,bombActivate
FN:224,checkField
FN:277,getStatusGame
FN:281,getEndStr
FN:301,getRandom
FNF:8
FNH:8
FNDA:1,constructor
FNDA:4,startGame
FNDA:1,endGame
FNDA:1,bombActivate
FNDA:113,checkField
FNDA:4,getStatusGame
FNDA:1,getEndStr
FNDA:36,getRandom
DA:18,1
DA:22,4
DA:23,3
DA:24,3
DA:25,3
DA:26,36
DA:27,36
DA:28,36
DA:29,36
DA:30,0
DA:32,36
DA:34,36
DA:35,0
DA:36,0
DA:38,0
DA:39,0
DA:41,0
DA:42,0
DA:44,0
DA:47,36
DA:48,0
DA:49,0
DA:51,0
DA:52,0
DA:54,0
DA:55,0
DA:57,0
DA:60,36
DA:61,0
DA:62,0
DA:64,0
DA:65,0
DA:67,0
DA:68,0
DA:70,0
DA:73,36
DA:74,0
DA:75,0
DA:77,0
DA:78,0
DA:80,0
DA:81,0
DA:83,0
DA:86,36
DA:87,3
DA:88,3
DA:90,3
DA:91,3
DA:93,3
DA:94,3
DA:96,3
DA:97,3
DA:99,3
DA:100,3
DA:102,3
DA:105,33
DA:106,0
DA:107,0
DA:109,0
DA:110,0
DA:112,0
DA:113,0
DA:115,0
DA:116,0
DA:118,0
DA:119,0
DA:121,0
DA:124,33
DA:125,0
DA:126,0
DA:128,0
DA:129,0
DA:131,0
DA:132,0
DA:134,0
DA:135,0
DA:137,0
DA:138,0
DA:140,0
DA:143,33
DA:144,0
DA:145,0
DA:147,0
DA:148,0
DA:150,0
DA:151,0
DA:153,0
DA:154,0
DA:156,0
DA:157,0
DA:159,0
DA:162,33
DA:163,27
DA:165,33
DA:166,33
DA:168,33
DA:169,30
DA:171,33
DA:172,30
DA:174,33
DA:175,30
DA:177,33
DA:178,27
DA:180,33
DA:181,27
DA:183,33
DA:184,33
DA:187,3
DA:188,3
DA:193,1
DA:194,1
DA:195,0
DA:196,0
DA:198,1
DA:199,1
DA:200,1
DA:204,1
DA:208,1
DA:212,1
DA:217,1
DA:219,1
DA:225,113
DA:229,113
DA:230,113
DA:231,13
DA:232,1300
DA:234,13
DA:236,100
DA:237,100
DA:238,100
DA:239,100
DA:240,100
DA:241,1200
DA:242,1200
DA:243,1200
DA:244,1200
DA:246,100
DA:247,100
DA:248,100
DA:249,100
DA:250,467
DA:251,467
DA:252,467
DA:253,2768
DA:254,2768
DA:255,2768
DA:256,1486
DA:258,1282
DA:259,1282
DA:260,667
DA:261,667
DA:262,667
DA:263,667
DA:264,667
DA:265,667
DA:267,615
DA:270,467
DA:271,467
DA:273,100
DA:278,4
DA:282,1
DA:283,1
DA:284,1
DA:285,1
DA:286,10
DA:287,100
DA:288,12
DA:289,1
DA:290,1
DA:292,11
DA:293,11
DA:298,1
DA:302,36
DA:303,36
DA:304,36
LF:175
LH:111
BRDA:22,1,0,3
BRDA:22,1,1,1
BRDA:29,2,0,0
BRDA:29,2,1,36
BRDA:34,3,0,0
BRDA:34,3,1,36
BRDA:35,4,0,0
BRDA:35,4,1,0
BRDA:38,5,0,0
BRDA:38,5,1,0
BRDA:41,6,0,0
BRDA:41,6,1,0
BRDA:47,7,0,0
BRDA:47,7,1,36
BRDA:48,8,0,0
BRDA:48,8,1,0
BRDA:51,9,0,0
BRDA:51,9,1,0
BRDA:54,10,0,0
BRDA:54,10,1,0
BRDA:60,11,0,0
BRDA:60,11,1,36
BRDA:61,12,0,0
BRDA:61,12,1,0
BRDA:64,13,0,0
BRDA:64,13,1,0
BRDA:67,14,0,0
BRDA:67,14,1,0
BRDA:73,15,0,0
BRDA:73,15,1,36
BRDA:74,16,0,0
BRDA:74,16,1,0
BRDA:77,17,0,0
BRDA:77,17,1,0
BRDA:80,18,0,0
BRDA:80,18,1,0
BRDA:86,19,0,3
BRDA:86,19,1,33
BRDA:87,20,0,3
BRDA:87,20,1,0
BRDA:90,21,0,3
BRDA:90,21,1,0
BRDA:93,22,0,3
BRDA:93,22,1,0
BRDA:96,23,0,3
BRDA:96,23,1,0
BRDA:99,24,0,3
BRDA:99,24,1,0
BRDA:105,25,0,0
BRDA:105,25,1,33
BRDA:106,26,0,0
BRDA:106,26,1,0
BRDA:109,27,0,0
BRDA:109,27,1,0
BRDA:112,28,0,0
BRDA:112,28,1,0
BRDA:115,29,0,0
BRDA:115,29,1,0
BRDA:118,30,0,0
BRDA:118,30,1,0
BRDA:124,31,0,0
BRDA:124,31,1,33
BRDA:125,32,0,0
BRDA:125,32,1,0
BRDA:128,33,0,0
BRDA:128,33,1,0
BRDA:131,34,0,0
BRDA:131,34,1,0
BRDA:134,35,0,0
BRDA:134,35,1,0
BRDA:137,36,0,0
BRDA:137,36,1,0
BRDA:143,37,0,0
BRDA:143,37,1,33
BRDA:144,38,0,0
BRDA:144,38,1,0
BRDA:147,39,0,0
BRDA:147,39,1,0
BRDA:150,40,0,0
BRDA:150,40,1,0
BRDA:153,41,0,0
BRDA:153,41,1,0
BRDA:156,42,0,0
BRDA:156,42,1,0
BRDA:162,43,0,27
BRDA:162,43,1,6
BRDA:165,44,0,33
BRDA:165,44,1,0
BRDA:168,45,0,30
BRDA:168,45,1,3
BRDA:171,46,0,30
BRDA:171,46,1,3
BRDA:174,47,0,30
BRDA:174,47,1,3
BRDA:177,48,0,27
BRDA:177,48,1,6
BRDA:180,49,0,27
BRDA:180,49,1,6
BRDA:183,50,0,33
BRDA:183,50,1,0
BRDA:193,51,0,1
BRDA:193,51,1,0
BRDA:194,52,0,0
BRDA:194,52,1,1
BRDA:204,53,0,1
BRDA:204,53,1,0
BRDA:208,54,0,1
BRDA:208,54,1,0
BRDA:212,55,0,1
BRDA:212,55,1,0
BRDA:225,56,0,113
BRDA:225,56,1,0
BRDA:230,57,0,13
BRDA:230,57,1,100
BRDA:255,58,0,1486
BRDA:255,58,1,1282
BRDA:259,59,0,667
BRDA:259,59,1,615
BRDA:287,60,0,12
BRDA:287,60,1,88
BRDA:288,61,0,1
BRDA:288,61,1,11
BRF:122
BRH:47
end_of_record
TN:
SF:G:\ВУЗ\4 КУРС\Современные технологии программирования\Проект\Sapper\contracts\SaperCertificate.sol
FN:15,constructor
FN:20,safeMint
FN:27,setSaper
FNF:3
FNH:3
FNDA:1,constructor
FNDA:1,safeMint
FNDA:1,setSaper
DA:17,1
DA:21,1
DA:22,1
DA:23,1
DA:28,1
LF:5
LH:5
BRDA:21,1,0,1
BRDA:21,1,1,0
BRDA:27,2,0,1
BRDA:27,2,1,0
BRF:4
BRH:2
end_of_record
